{"C:\\Users\\Louis\\Documents\\GitHub\\Einopdracht-webs5\\eindopdracht\\app.js":{"path":"C:\\Users\\Louis\\Documents\\GitHub\\Einopdracht-webs5\\eindopdracht\\app.js","s":{"1":1,"2":1,"3":1,"4":1,"5":1,"6":1,"7":1,"8":1,"9":1,"10":1,"11":1,"12":1,"13":1,"14":1,"15":1,"16":0,"17":1,"18":1,"19":1,"20":1,"21":1,"22":1,"23":1,"24":1,"25":1,"26":1,"27":1,"28":1,"29":1,"30":1,"31":1,"32":1,"33":1,"34":1,"35":1,"36":1,"37":1,"38":1,"39":1,"40":1,"41":1,"42":0,"43":0,"44":0,"45":1,"46":0,"47":0,"48":0,"49":1,"50":0,"51":0,"52":1},"b":{"1":[1,0],"2":[0,1],"3":[0,0],"4":[0,0]},"f":{"1":0,"2":0,"3":0},"fnMap":{"1":{"name":"(anonymous_1)","line":92,"loc":{"start":{"line":92,"column":8},"end":{"line":92,"column":33}}},"2":{"name":"(anonymous_2)","line":103,"loc":{"start":{"line":103,"column":10},"end":{"line":103,"column":40}}},"3":{"name":"(anonymous_3)","line":114,"loc":{"start":{"line":114,"column":8},"end":{"line":114,"column":38}}}},"statementMap":{"1":{"start":{"line":1,"column":0},"end":{"line":1,"column":33}},"2":{"start":{"line":2,"column":0},"end":{"line":2,"column":27}},"3":{"start":{"line":3,"column":0},"end":{"line":3,"column":39}},"4":{"start":{"line":4,"column":0},"end":{"line":4,"column":31}},"5":{"start":{"line":5,"column":0},"end":{"line":5,"column":44}},"6":{"start":{"line":6,"column":0},"end":{"line":6,"column":40}},"7":{"start":{"line":8,"column":0},"end":{"line":8,"column":41}},"8":{"start":{"line":10,"column":0},"end":{"line":10,"column":35}},"9":{"start":{"line":12,"column":0},"end":{"line":12,"column":46}},"10":{"start":{"line":14,"column":0},"end":{"line":14,"column":20}},"11":{"start":{"line":16,"column":0},"end":{"line":16,"column":21}},"12":{"start":{"line":17,"column":0},"end":{"line":22,"column":1}},"13":{"start":{"line":18,"column":17},"end":{"line":18,"column":51}},"14":{"start":{"line":19,"column":8},"end":{"line":19,"column":62}},"15":{"start":{"line":20,"column":8},"end":{"line":20,"column":14}},"16":{"start":{"line":21,"column":13},"end":{"line":21,"column":46}},"17":{"start":{"line":23,"column":0},"end":{"line":23,"column":35}},"18":{"start":{"line":25,"column":0},"end":{"line":25,"column":52}},"19":{"start":{"line":26,"column":0},"end":{"line":26,"column":52}},"20":{"start":{"line":30,"column":0},"end":{"line":30,"column":49}},"21":{"start":{"line":32,"column":0},"end":{"line":32,"column":40}},"22":{"start":{"line":33,"column":0},"end":{"line":33,"column":56}},"23":{"start":{"line":34,"column":0},"end":{"line":34,"column":39}},"24":{"start":{"line":36,"column":0},"end":{"line":36,"column":58}},"25":{"start":{"line":38,"column":0},"end":{"line":38,"column":36}},"26":{"start":{"line":40,"column":0},"end":{"line":40,"column":48}},"27":{"start":{"line":44,"column":0},"end":{"line":44,"column":48}},"28":{"start":{"line":45,"column":0},"end":{"line":45,"column":31}},"29":{"start":{"line":50,"column":0},"end":{"line":50,"column":23}},"30":{"start":{"line":51,"column":0},"end":{"line":51,"column":56}},"31":{"start":{"line":52,"column":0},"end":{"line":52,"column":24}},"32":{"start":{"line":53,"column":0},"end":{"line":53,"column":27}},"33":{"start":{"line":54,"column":0},"end":{"line":54,"column":52}},"34":{"start":{"line":55,"column":0},"end":{"line":59,"column":4}},"35":{"start":{"line":60,"column":0},"end":{"line":60,"column":31}},"36":{"start":{"line":61,"column":0},"end":{"line":61,"column":28}},"37":{"start":{"line":62,"column":0},"end":{"line":62,"column":21}},"38":{"start":{"line":63,"column":0},"end":{"line":63,"column":25}},"39":{"start":{"line":64,"column":0},"end":{"line":64,"column":25}},"40":{"start":{"line":65,"column":0},"end":{"line":65,"column":23}},"41":{"start":{"line":92,"column":0},"end":{"line":96,"column":3}},"42":{"start":{"line":93,"column":2},"end":{"line":93,"column":35}},"43":{"start":{"line":94,"column":2},"end":{"line":94,"column":19}},"44":{"start":{"line":95,"column":2},"end":{"line":95,"column":12}},"45":{"start":{"line":102,"column":0},"end":{"line":110,"column":1}},"46":{"start":{"line":103,"column":2},"end":{"line":109,"column":5}},"47":{"start":{"line":104,"column":4},"end":{"line":104,"column":34}},"48":{"start":{"line":105,"column":4},"end":{"line":108,"column":7}},"49":{"start":{"line":114,"column":0},"end":{"line":120,"column":3}},"50":{"start":{"line":115,"column":2},"end":{"line":115,"column":32}},"51":{"start":{"line":116,"column":2},"end":{"line":119,"column":5}},"52":{"start":{"line":123,"column":0},"end":{"line":123,"column":21}}},"branchMap":{"1":{"line":17,"type":"switch","locations":[{"start":{"line":18,"column":4},"end":{"line":20,"column":14}},{"start":{"line":21,"column":4},"end":{"line":21,"column":46}}]},"2":{"line":102,"type":"if","locations":[{"start":{"line":102,"column":0},"end":{"line":102,"column":0}},{"start":{"line":102,"column":0},"end":{"line":102,"column":0}}]},"3":{"line":104,"type":"binary-expr","locations":[{"start":{"line":104,"column":15},"end":{"line":104,"column":25}},{"start":{"line":104,"column":29},"end":{"line":104,"column":32}}]},"4":{"line":115,"type":"binary-expr","locations":[{"start":{"line":115,"column":13},"end":{"line":115,"column":23}},{"start":{"line":115,"column":27},"end":{"line":115,"column":30}}]}}},"C:\\Users\\Louis\\Documents\\GitHub\\Einopdracht-webs5\\eindopdracht\\dataAccess\\database.js":{"path":"C:\\Users\\Louis\\Documents\\GitHub\\Einopdracht-webs5\\eindopdracht\\dataAccess\\database.js","s":{"1":1},"b":{},"f":{},"fnMap":{},"statementMap":{"1":{"start":{"line":1,"column":0},"end":{"line":6,"column":2}}},"branchMap":{}},"C:\\Users\\Louis\\Documents\\GitHub\\Einopdracht-webs5\\eindopdracht\\models\\user.js":{"path":"C:\\Users\\Louis\\Documents\\GitHub\\Einopdracht-webs5\\eindopdracht\\models\\user.js","s":{"1":1,"2":1,"3":1,"4":1,"5":1,"6":0,"7":1,"8":0,"9":1,"10":0,"11":0,"12":0,"13":0,"14":0,"15":1,"16":0,"17":0,"18":0,"19":0,"20":0,"21":1,"22":1},"b":{"1":[0,0],"2":[0,0],"3":[0,0]},"f":{"1":1,"2":0,"3":0,"4":0,"5":0,"6":0},"fnMap":{"1":{"name":"(anonymous_1)","line":3,"loc":{"start":{"line":3,"column":7},"end":{"line":3,"column":24}}},"2":{"name":"(anonymous_2)","line":22,"loc":{"start":{"line":22,"column":36},"end":{"line":22,"column":55}}},"3":{"name":"(anonymous_3)","line":26,"loc":{"start":{"line":26,"column":37},"end":{"line":26,"column":56}}},"4":{"name":"(anonymous_4)","line":30,"loc":{"start":{"line":30,"column":37},"end":{"line":30,"column":47}}},"5":{"name":"(anonymous_5)","line":39,"loc":{"start":{"line":39,"column":41},"end":{"line":39,"column":55}}},"6":{"name":"(anonymous_6)","line":41,"loc":{"start":{"line":41,"column":27},"end":{"line":41,"column":54}}}},"statementMap":{"1":{"start":{"line":1,"column":0},"end":{"line":1,"column":40}},"2":{"start":{"line":3,"column":0},"end":{"line":49,"column":2}},"3":{"start":{"line":4,"column":1},"end":{"line":4,"column":50}},"4":{"start":{"line":6,"column":2},"end":{"line":21,"column":7}},"5":{"start":{"line":22,"column":2},"end":{"line":24,"column":4}},"6":{"start":{"line":23,"column":5},"end":{"line":23,"column":67}},"7":{"start":{"line":26,"column":2},"end":{"line":28,"column":4}},"8":{"start":{"line":27,"column":6},"end":{"line":27,"column":63}},"9":{"start":{"line":30,"column":2},"end":{"line":37,"column":5}},"10":{"start":{"line":31,"column":3},"end":{"line":31,"column":39}},"11":{"start":{"line":32,"column":3},"end":{"line":34,"column":4}},"12":{"start":{"line":33,"column":4},"end":{"line":33,"column":38}},"13":{"start":{"line":35,"column":3},"end":{"line":35,"column":29}},"14":{"start":{"line":36,"column":3},"end":{"line":36,"column":19}},"15":{"start":{"line":39,"column":2},"end":{"line":47,"column":4}},"16":{"start":{"line":40,"column":3},"end":{"line":40,"column":37}},"17":{"start":{"line":41,"column":3},"end":{"line":46,"column":5}},"18":{"start":{"line":42,"column":4},"end":{"line":45,"column":5}},"19":{"start":{"line":43,"column":5},"end":{"line":43,"column":38}},"20":{"start":{"line":44,"column":5},"end":{"line":44,"column":27}},"21":{"start":{"line":48,"column":2},"end":{"line":48,"column":36}},"22":{"start":{"line":51,"column":0},"end":{"line":51,"column":22}}},"branchMap":{"1":{"line":32,"type":"if","locations":[{"start":{"line":32,"column":3},"end":{"line":32,"column":3}},{"start":{"line":32,"column":3},"end":{"line":32,"column":3}}]},"2":{"line":32,"type":"binary-expr","locations":[{"start":{"line":32,"column":6},"end":{"line":32,"column":21}},{"start":{"line":32,"column":25},"end":{"line":32,"column":47}}]},"3":{"line":42,"type":"if","locations":[{"start":{"line":42,"column":4},"end":{"line":42,"column":4}},{"start":{"line":42,"column":4},"end":{"line":42,"column":4}}]}}},"C:\\Users\\Louis\\Documents\\GitHub\\Einopdracht-webs5\\eindopdracht\\models\\race.js":{"path":"C:\\Users\\Louis\\Documents\\GitHub\\Einopdracht-webs5\\eindopdracht\\models\\race.js","s":{"1":1,"2":1,"3":1,"4":1,"5":0,"6":1,"7":1},"b":{},"f":{"1":1,"2":0},"fnMap":{"1":{"name":"(anonymous_1)","line":1,"loc":{"start":{"line":1,"column":7},"end":{"line":1,"column":24}}},"2":{"name":"(anonymous_2)","line":19,"loc":{"start":{"line":19,"column":41},"end":{"line":19,"column":58}}}},"statementMap":{"1":{"start":{"line":1,"column":0},"end":{"line":24,"column":2}},"2":{"start":{"line":2,"column":1},"end":{"line":2,"column":50}},"3":{"start":{"line":4,"column":2},"end":{"line":18,"column":5}},"4":{"start":{"line":19,"column":2},"end":{"line":21,"column":55}},"5":{"start":{"line":20,"column":5},"end":{"line":20,"column":32}},"6":{"start":{"line":23,"column":2},"end":{"line":23,"column":36}},"7":{"start":{"line":25,"column":0},"end":{"line":25,"column":22}}},"branchMap":{}},"C:\\Users\\Louis\\Documents\\GitHub\\Einopdracht-webs5\\eindopdracht\\websocket\\websocket.js":{"path":"C:\\Users\\Louis\\Documents\\GitHub\\Einopdracht-webs5\\eindopdracht\\websocket\\websocket.js","s":{"1":1,"2":1,"3":1,"4":1,"5":1,"6":1,"7":0,"8":1,"9":1,"10":0,"11":0,"12":0,"13":0,"14":0,"15":0,"16":0,"17":0,"18":0,"19":0,"20":0,"21":0},"b":{},"f":{"1":0,"2":0,"3":0,"4":0,"5":0},"fnMap":{"1":{"name":"(anonymous_1)","line":12,"loc":{"start":{"line":12,"column":31},"end":{"line":12,"column":59}}},"2":{"name":"(anonymous_2)","line":15,"loc":{"start":{"line":15,"column":36},"end":{"line":15,"column":47}}},"3":{"name":"(anonymous_3)","line":27,"loc":{"start":{"line":27,"column":23},"end":{"line":27,"column":41}}},"4":{"name":"(anonymous_4)","line":38,"loc":{"start":{"line":38,"column":25},"end":{"line":38,"column":43}}},"5":{"name":"(anonymous_5)","line":52,"loc":{"start":{"line":52,"column":23},"end":{"line":52,"column":44}}}},"statementMap":{"1":{"start":{"line":2,"column":0},"end":{"line":2,"column":32}},"2":{"start":{"line":5,"column":0},"end":{"line":5,"column":50}},"3":{"start":{"line":6,"column":0},"end":{"line":6,"column":27}},"4":{"start":{"line":8,"column":0},"end":{"line":8,"column":18}},"5":{"start":{"line":12,"column":0},"end":{"line":14,"column":3}},"6":{"start":{"line":15,"column":0},"end":{"line":17,"column":3}},"7":{"start":{"line":16,"column":4},"end":{"line":16,"column":87}},"8":{"start":{"line":21,"column":0},"end":{"line":25,"column":3}},"9":{"start":{"line":27,"column":0},"end":{"line":58,"column":3}},"10":{"start":{"line":28,"column":0},"end":{"line":28,"column":78}},"11":{"start":{"line":32,"column":0},"end":{"line":32,"column":54}},"12":{"start":{"line":35,"column":0},"end":{"line":35,"column":41}},"13":{"start":{"line":36,"column":0},"end":{"line":36,"column":75}},"14":{"start":{"line":38,"column":0},"end":{"line":50,"column":3}},"15":{"start":{"line":39,"column":4},"end":{"line":39,"column":49}},"16":{"start":{"line":40,"column":4},"end":{"line":45,"column":5}},"17":{"start":{"line":46,"column":4},"end":{"line":46,"column":61}},"18":{"start":{"line":47,"column":4},"end":{"line":49,"column":5}},"19":{"start":{"line":48,"column":8},"end":{"line":48,"column":33}},"20":{"start":{"line":52,"column":0},"end":{"line":56,"column":3}},"21":{"start":{"line":54,"column":8},"end":{"line":54,"column":33}}},"branchMap":{}},"C:\\Users\\Louis\\Documents\\GitHub\\Einopdracht-webs5\\eindopdracht\\config\\passport.js":{"path":"C:\\Users\\Louis\\Documents\\GitHub\\Einopdracht-webs5\\eindopdracht\\config\\passport.js","s":{"1":1,"2":1,"3":1,"4":1,"5":0,"6":1,"7":0,"8":0,"9":1,"10":1,"11":0,"12":0,"13":0,"14":0,"15":0,"16":0,"17":0,"18":0,"19":0,"20":0,"21":0,"22":0,"23":0,"24":1,"25":0,"26":0,"27":0,"28":0,"29":0,"30":0,"31":0,"32":0,"33":1,"34":1},"b":{"1":[0,0],"2":[0,0],"3":[0,0],"4":[0,0],"5":[0,0],"6":[0,0]},"f":{"1":1,"2":0,"3":0,"4":0,"5":0,"6":0,"7":0,"8":0,"9":0,"10":0},"fnMap":{"1":{"name":"(anonymous_1)","line":5,"loc":{"start":{"line":5,"column":11},"end":{"line":5,"column":26}}},"2":{"name":"(anonymous_2)","line":13,"loc":{"start":{"line":13,"column":27},"end":{"line":13,"column":48}}},"3":{"name":"(anonymous_3)","line":18,"loc":{"start":{"line":18,"column":29},"end":{"line":18,"column":48}}},"4":{"name":"(anonymous_4)","line":19,"loc":{"start":{"line":19,"column":26},"end":{"line":19,"column":46}}},"5":{"name":"(anonymous_5)","line":35,"loc":{"start":{"line":35,"column":73},"end":{"line":35,"column":113}}},"6":{"name":"(anonymous_6)","line":38,"loc":{"start":{"line":38,"column":25},"end":{"line":38,"column":36}}},"7":{"name":"(anonymous_7)","line":42,"loc":{"start":{"line":42,"column":59},"end":{"line":42,"column":79}}},"8":{"name":"(anonymous_8)","line":61,"loc":{"start":{"line":61,"column":33},"end":{"line":61,"column":47}}},"9":{"name":"(anonymous_9)","line":73,"loc":{"start":{"line":73,"column":72},"end":{"line":73,"column":112}}},"10":{"name":"(anonymous_10)","line":76,"loc":{"start":{"line":76,"column":55},"end":{"line":76,"column":75}}}},"statementMap":{"1":{"start":{"line":1,"column":0},"end":{"line":1,"column":57}},"2":{"start":{"line":2,"column":0},"end":{"line":2,"column":42}},"3":{"start":{"line":5,"column":0},"end":{"line":94,"column":2}},"4":{"start":{"line":13,"column":4},"end":{"line":15,"column":7}},"5":{"start":{"line":14,"column":8},"end":{"line":14,"column":29}},"6":{"start":{"line":18,"column":4},"end":{"line":22,"column":7}},"7":{"start":{"line":19,"column":8},"end":{"line":21,"column":11}},"8":{"start":{"line":20,"column":12},"end":{"line":20,"column":28}},"9":{"start":{"line":29,"column":4},"end":{"line":33,"column":6}},"10":{"start":{"line":35,"column":4},"end":{"line":71,"column":8}},"11":{"start":{"line":38,"column":8},"end":{"line":70,"column":11}},"12":{"start":{"line":42,"column":12},"end":{"line":69,"column":15}},"13":{"start":{"line":44,"column":16},"end":{"line":46,"column":17}},"14":{"start":{"line":45,"column":20},"end":{"line":45,"column":37}},"15":{"start":{"line":49,"column":16},"end":{"line":68,"column":17}},"16":{"start":{"line":50,"column":20},"end":{"line":50,"column":51}},"17":{"start":{"line":55,"column":20},"end":{"line":55,"column":64}},"18":{"start":{"line":58,"column":20},"end":{"line":58,"column":57}},"19":{"start":{"line":59,"column":20},"end":{"line":59,"column":76}},"20":{"start":{"line":61,"column":20},"end":{"line":67,"column":23}},"21":{"start":{"line":62,"column":24},"end":{"line":65,"column":25}},"22":{"start":{"line":64,"column":28},"end":{"line":64,"column":58}},"23":{"start":{"line":66,"column":24},"end":{"line":66,"column":51}},"24":{"start":{"line":73,"column":4},"end":{"line":91,"column":8}},"25":{"start":{"line":76,"column":8},"end":{"line":89,"column":11}},"26":{"start":{"line":78,"column":12},"end":{"line":79,"column":33}},"27":{"start":{"line":79,"column":16},"end":{"line":79,"column":33}},"28":{"start":{"line":81,"column":12},"end":{"line":82,"column":47}},"29":{"start":{"line":82,"column":16},"end":{"line":82,"column":47}},"30":{"start":{"line":85,"column":12},"end":{"line":86,"column":47}},"31":{"start":{"line":86,"column":16},"end":{"line":86,"column":47}},"32":{"start":{"line":88,"column":12},"end":{"line":88,"column":36}},"33":{"start":{"line":93,"column":4},"end":{"line":93,"column":20}},"34":{"start":{"line":96,"column":0},"end":{"line":96,"column":22}}},"branchMap":{"1":{"line":44,"type":"if","locations":[{"start":{"line":44,"column":16},"end":{"line":44,"column":16}},{"start":{"line":44,"column":16},"end":{"line":44,"column":16}}]},"2":{"line":49,"type":"if","locations":[{"start":{"line":49,"column":16},"end":{"line":49,"column":16}},{"start":{"line":49,"column":16},"end":{"line":49,"column":16}}]},"3":{"line":62,"type":"if","locations":[{"start":{"line":62,"column":24},"end":{"line":62,"column":24}},{"start":{"line":62,"column":24},"end":{"line":62,"column":24}}]},"4":{"line":78,"type":"if","locations":[{"start":{"line":78,"column":12},"end":{"line":78,"column":12}},{"start":{"line":78,"column":12},"end":{"line":78,"column":12}}]},"5":{"line":81,"type":"if","locations":[{"start":{"line":81,"column":12},"end":{"line":81,"column":12}},{"start":{"line":81,"column":12},"end":{"line":81,"column":12}}]},"6":{"line":85,"type":"if","locations":[{"start":{"line":85,"column":12},"end":{"line":85,"column":12}},{"start":{"line":85,"column":12},"end":{"line":85,"column":12}}]}}},"C:\\Users\\Louis\\Documents\\GitHub\\Einopdracht-webs5\\eindopdracht\\routes\\index.js":{"path":"C:\\Users\\Louis\\Documents\\GitHub\\Einopdracht-webs5\\eindopdracht\\routes\\index.js","s":{"1":1,"2":1,"3":1,"4":1,"5":1,"6":1,"7":0,"8":0,"9":0,"10":1,"11":0,"12":0,"13":0,"14":1,"15":0,"16":1,"17":0,"18":0,"19":0,"20":0,"21":0,"22":0,"23":1,"24":0,"25":0,"26":0,"27":0,"28":0,"29":0,"30":1,"31":0,"32":0,"33":0,"34":0,"35":0,"36":0,"37":1,"38":0,"39":0,"40":0,"41":0,"42":0,"43":0,"44":1,"45":0,"46":0,"47":0,"48":0,"49":0,"50":0,"51":1,"52":0,"53":0,"54":0,"55":0,"56":0,"57":0,"58":1},"b":{"1":[0,0],"2":[0,0],"3":[0,0],"4":[0,0],"5":[0,0],"6":[0,0],"7":[0,0],"8":[0,0],"9":[0,0]},"f":{"1":0,"2":0,"3":0,"4":0,"5":0,"6":0,"7":0,"8":0,"9":0,"10":0,"11":0,"12":0,"13":0,"14":0,"15":0},"fnMap":{"1":{"name":"(anonymous_1)","line":8,"loc":{"start":{"line":8,"column":13},"end":{"line":9,"column":0}}},"2":{"name":"(anonymous_2)","line":14,"loc":{"start":{"line":14,"column":14},"end":{"line":15,"column":0}}},"3":{"name":"(anonymous_3)","line":22,"loc":{"start":{"line":22,"column":16},"end":{"line":22,"column":41}}},"4":{"name":"(anonymous_4)","line":26,"loc":{"start":{"line":26,"column":26},"end":{"line":26,"column":51}}},"5":{"name":"(anonymous_5)","line":29,"loc":{"start":{"line":29,"column":28},"end":{"line":29,"column":47}}},"6":{"name":"(anonymous_6)","line":43,"loc":{"start":{"line":43,"column":28},"end":{"line":43,"column":53}}},"7":{"name":"(anonymous_7)","line":45,"loc":{"start":{"line":45,"column":36},"end":{"line":45,"column":55}}},"8":{"name":"(anonymous_8)","line":58,"loc":{"start":{"line":58,"column":35},"end":{"line":58,"column":54}}},"9":{"name":"(anonymous_9)","line":59,"loc":{"start":{"line":59,"column":42},"end":{"line":59,"column":63}}},"10":{"name":"(anonymous_10)","line":75,"loc":{"start":{"line":75,"column":21},"end":{"line":75,"column":40}}},"11":{"name":"(anonymous_11)","line":76,"loc":{"start":{"line":76,"column":37},"end":{"line":76,"column":58}}},"12":{"name":"(anonymous_12)","line":92,"loc":{"start":{"line":92,"column":24},"end":{"line":92,"column":43}}},"13":{"name":"(anonymous_13)","line":93,"loc":{"start":{"line":93,"column":40},"end":{"line":93,"column":61}}},"14":{"name":"(anonymous_14)","line":116,"loc":{"start":{"line":116,"column":21},"end":{"line":116,"column":40}}},"15":{"name":"(anonymous_15)","line":117,"loc":{"start":{"line":117,"column":37},"end":{"line":117,"column":58}}}},"statementMap":{"1":{"start":{"line":1,"column":0},"end":{"line":1,"column":33}},"2":{"start":{"line":2,"column":0},"end":{"line":2,"column":35}},"3":{"start":{"line":3,"column":0},"end":{"line":3,"column":30}},"4":{"start":{"line":4,"column":0},"end":{"line":5,"column":23}},"5":{"start":{"line":6,"column":0},"end":{"line":6,"column":51}},"6":{"start":{"line":8,"column":0},"end":{"line":13,"column":1}},"7":{"start":{"line":10,"column":1},"end":{"line":11,"column":16}},"8":{"start":{"line":11,"column":2},"end":{"line":11,"column":16}},"9":{"start":{"line":12,"column":1},"end":{"line":12,"column":24}},"10":{"start":{"line":14,"column":0},"end":{"line":19,"column":1}},"11":{"start":{"line":16,"column":1},"end":{"line":17,"column":16}},"12":{"start":{"line":17,"column":2},"end":{"line":17,"column":16}},"13":{"start":{"line":18,"column":1},"end":{"line":18,"column":24}},"14":{"start":{"line":22,"column":0},"end":{"line":24,"column":3}},"15":{"start":{"line":23,"column":2},"end":{"line":23,"column":44}},"16":{"start":{"line":26,"column":0},"end":{"line":42,"column":3}},"17":{"start":{"line":28,"column":1},"end":{"line":28,"column":30}},"18":{"start":{"line":29,"column":1},"end":{"line":41,"column":4}},"19":{"start":{"line":31,"column":2},"end":{"line":39,"column":3}},"20":{"start":{"line":33,"column":3},"end":{"line":33,"column":13}},"21":{"start":{"line":37,"column":9},"end":{"line":37,"column":23}},"22":{"start":{"line":38,"column":9},"end":{"line":38,"column":19}},"23":{"start":{"line":43,"column":0},"end":{"line":56,"column":3}},"24":{"start":{"line":44,"column":1},"end":{"line":44,"column":31}},"25":{"start":{"line":45,"column":1},"end":{"line":55,"column":4}},"26":{"start":{"line":46,"column":2},"end":{"line":54,"column":3}},"27":{"start":{"line":48,"column":3},"end":{"line":48,"column":13}},"28":{"start":{"line":52,"column":9},"end":{"line":52,"column":23}},"29":{"start":{"line":53,"column":9},"end":{"line":53,"column":19}},"30":{"start":{"line":58,"column":0},"end":{"line":71,"column":3}},"31":{"start":{"line":59,"column":1},"end":{"line":70,"column":4}},"32":{"start":{"line":60,"column":2},"end":{"line":69,"column":3}},"33":{"start":{"line":62,"column":3},"end":{"line":62,"column":13}},"34":{"start":{"line":66,"column":3},"end":{"line":66,"column":55}},"35":{"start":{"line":67,"column":9},"end":{"line":67,"column":25}},"36":{"start":{"line":68,"column":9},"end":{"line":68,"column":19}},"37":{"start":{"line":75,"column":0},"end":{"line":88,"column":3}},"38":{"start":{"line":76,"column":1},"end":{"line":87,"column":4}},"39":{"start":{"line":77,"column":2},"end":{"line":86,"column":3}},"40":{"start":{"line":79,"column":3},"end":{"line":79,"column":13}},"41":{"start":{"line":83,"column":3},"end":{"line":83,"column":55}},"42":{"start":{"line":84,"column":9},"end":{"line":84,"column":25}},"43":{"start":{"line":85,"column":9},"end":{"line":85,"column":19}},"44":{"start":{"line":92,"column":0},"end":{"line":105,"column":3}},"45":{"start":{"line":93,"column":1},"end":{"line":104,"column":4}},"46":{"start":{"line":94,"column":2},"end":{"line":103,"column":3}},"47":{"start":{"line":96,"column":3},"end":{"line":96,"column":13}},"48":{"start":{"line":100,"column":3},"end":{"line":100,"column":55}},"49":{"start":{"line":101,"column":9},"end":{"line":101,"column":25}},"50":{"start":{"line":102,"column":9},"end":{"line":102,"column":19}},"51":{"start":{"line":116,"column":0},"end":{"line":130,"column":3}},"52":{"start":{"line":117,"column":1},"end":{"line":128,"column":4}},"53":{"start":{"line":118,"column":2},"end":{"line":127,"column":3}},"54":{"start":{"line":120,"column":3},"end":{"line":120,"column":13}},"55":{"start":{"line":124,"column":3},"end":{"line":124,"column":55}},"56":{"start":{"line":125,"column":9},"end":{"line":125,"column":25}},"57":{"start":{"line":126,"column":9},"end":{"line":126,"column":19}},"58":{"start":{"line":135,"column":0},"end":{"line":135,"column":24}}},"branchMap":{"1":{"line":10,"type":"if","locations":[{"start":{"line":10,"column":1},"end":{"line":10,"column":1}},{"start":{"line":10,"column":1},"end":{"line":10,"column":1}}]},"2":{"line":16,"type":"if","locations":[{"start":{"line":16,"column":1},"end":{"line":16,"column":1}},{"start":{"line":16,"column":1},"end":{"line":16,"column":1}}]},"3":{"line":16,"type":"binary-expr","locations":[{"start":{"line":16,"column":4},"end":{"line":16,"column":25}},{"start":{"line":16,"column":29},"end":{"line":16,"column":43}}]},"4":{"line":31,"type":"if","locations":[{"start":{"line":31,"column":2},"end":{"line":31,"column":2}},{"start":{"line":31,"column":2},"end":{"line":31,"column":2}}]},"5":{"line":46,"type":"if","locations":[{"start":{"line":46,"column":2},"end":{"line":46,"column":2}},{"start":{"line":46,"column":2},"end":{"line":46,"column":2}}]},"6":{"line":60,"type":"if","locations":[{"start":{"line":60,"column":2},"end":{"line":60,"column":2}},{"start":{"line":60,"column":2},"end":{"line":60,"column":2}}]},"7":{"line":77,"type":"if","locations":[{"start":{"line":77,"column":2},"end":{"line":77,"column":2}},{"start":{"line":77,"column":2},"end":{"line":77,"column":2}}]},"8":{"line":94,"type":"if","locations":[{"start":{"line":94,"column":2},"end":{"line":94,"column":2}},{"start":{"line":94,"column":2},"end":{"line":94,"column":2}}]},"9":{"line":118,"type":"if","locations":[{"start":{"line":118,"column":2},"end":{"line":118,"column":2}},{"start":{"line":118,"column":2},"end":{"line":118,"column":2}}]}}},"C:\\Users\\Louis\\Documents\\GitHub\\Einopdracht-webs5\\eindopdracht\\routes\\users.js":{"path":"C:\\Users\\Louis\\Documents\\GitHub\\Einopdracht-webs5\\eindopdracht\\routes\\users.js","s":{"1":1,"2":1,"3":1,"4":1,"5":0,"6":0,"7":0,"8":0,"9":0,"10":1,"11":0,"12":0,"13":1,"14":0,"15":0,"16":1,"17":0,"18":0,"19":0,"20":1},"b":{"1":[0,0]},"f":{"1":1,"2":0,"3":0,"4":0,"5":0,"6":0},"fnMap":{"1":{"name":"(anonymous_1)","line":7,"loc":{"start":{"line":7,"column":17},"end":{"line":7,"column":45}}},"2":{"name":"(anonymous_2)","line":9,"loc":{"start":{"line":9,"column":7},"end":{"line":9,"column":32}}},"3":{"name":"(anonymous_3)","line":12,"loc":{"start":{"line":12,"column":19},"end":{"line":12,"column":40}}},"4":{"name":"(anonymous_4)","line":24,"loc":{"start":{"line":24,"column":60},"end":{"line":24,"column":79}}},"5":{"name":"(anonymous_5)","line":29,"loc":{"start":{"line":29,"column":47},"end":{"line":29,"column":66}}},"6":{"name":"(anonymous_6)","line":34,"loc":{"start":{"line":34,"column":25},"end":{"line":34,"column":44}}}},"statementMap":{"1":{"start":{"line":1,"column":0},"end":{"line":1,"column":33}},"2":{"start":{"line":2,"column":0},"end":{"line":2,"column":30}},"3":{"start":{"line":7,"column":0},"end":{"line":40,"column":2}},"4":{"start":{"line":8,"column":1},"end":{"line":22,"column":5}},"5":{"start":{"line":11,"column":3},"end":{"line":11,"column":43}},"6":{"start":{"line":12,"column":3},"end":{"line":21,"column":10}},"7":{"start":{"line":13,"column":9},"end":{"line":20,"column":10}},"8":{"start":{"line":15,"column":11},"end":{"line":15,"column":25}},"9":{"start":{"line":19,"column":11},"end":{"line":19,"column":27}},"10":{"start":{"line":24,"column":1},"end":{"line":27,"column":6}},"11":{"start":{"line":25,"column":2},"end":{"line":25,"column":50}},"12":{"start":{"line":26,"column":2},"end":{"line":26,"column":21}},"13":{"start":{"line":28,"column":1},"end":{"line":32,"column":8}},"14":{"start":{"line":30,"column":2},"end":{"line":30,"column":29}},"15":{"start":{"line":31,"column":6},"end":{"line":31,"column":25}},"16":{"start":{"line":34,"column":2},"end":{"line":38,"column":4}},"17":{"start":{"line":35,"column":3},"end":{"line":35,"column":30}},"18":{"start":{"line":36,"column":3},"end":{"line":36,"column":16}},"19":{"start":{"line":37,"column":3},"end":{"line":37,"column":26}},"20":{"start":{"line":39,"column":1},"end":{"line":39,"column":15}}},"branchMap":{"1":{"line":13,"type":"if","locations":[{"start":{"line":13,"column":9},"end":{"line":13,"column":9}},{"start":{"line":13,"column":9},"end":{"line":13,"column":9}}]}}},"C:\\Users\\Louis\\Documents\\GitHub\\Einopdracht-webs5\\eindopdracht\\routes\\maps.js":{"path":"C:\\Users\\Louis\\Documents\\GitHub\\Einopdracht-webs5\\eindopdracht\\routes\\maps.js","s":{"1":1,"2":1,"3":1,"4":1,"5":0,"6":1,"7":0,"8":0,"9":0,"10":0,"11":0,"12":0,"13":1,"14":0,"15":0,"16":0,"17":0,"18":0,"19":0,"20":0,"21":0,"22":0,"23":0,"24":0,"25":1},"b":{},"f":{"1":0,"2":0,"3":0,"4":0,"5":0,"6":0,"7":0,"8":0},"fnMap":{"1":{"name":"(anonymous_1)","line":5,"loc":{"start":{"line":5,"column":16},"end":{"line":5,"column":34}}},"2":{"name":"(anonymous_2)","line":9,"loc":{"start":{"line":9,"column":25},"end":{"line":9,"column":50}}},"3":{"name":"(anonymous_3)","line":21,"loc":{"start":{"line":21,"column":2},"end":{"line":22,"column":8}}},"4":{"name":"getJSON","line":28,"loc":{"start":{"line":28,"column":0},"end":{"line":29,"column":0}}},"5":{"name":"(anonymous_5)","line":30,"loc":{"start":{"line":30,"column":33},"end":{"line":31,"column":4}}},"6":{"name":"(anonymous_6)","line":36,"loc":{"start":{"line":36,"column":23},"end":{"line":36,"column":40}}},"7":{"name":"(anonymous_7)","line":40,"loc":{"start":{"line":40,"column":22},"end":{"line":40,"column":33}}},"8":{"name":"(anonymous_8)","line":46,"loc":{"start":{"line":46,"column":20},"end":{"line":46,"column":34}}}},"statementMap":{"1":{"start":{"line":1,"column":0},"end":{"line":1,"column":33}},"2":{"start":{"line":2,"column":0},"end":{"line":2,"column":30}},"3":{"start":{"line":3,"column":0},"end":{"line":3,"column":28}},"4":{"start":{"line":5,"column":0},"end":{"line":7,"column":3}},"5":{"start":{"line":6,"column":1},"end":{"line":6,"column":16}},"6":{"start":{"line":9,"column":0},"end":{"line":26,"column":3}},"7":{"start":{"line":11,"column":1},"end":{"line":11,"column":26}},"8":{"start":{"line":12,"column":1},"end":{"line":12,"column":26}},"9":{"start":{"line":14,"column":1},"end":{"line":19,"column":3}},"10":{"start":{"line":20,"column":1},"end":{"line":25,"column":11}},"11":{"start":{"line":23,"column":12},"end":{"line":23,"column":40}},"12":{"start":{"line":24,"column":12},"end":{"line":24,"column":29}},"13":{"start":{"line":28,"column":0},"end":{"line":51,"column":1}},"14":{"start":{"line":30,"column":1},"end":{"line":44,"column":7}},"15":{"start":{"line":32,"column":8},"end":{"line":32,"column":24}},"16":{"start":{"line":33,"column":8},"end":{"line":33,"column":57}},"17":{"start":{"line":34,"column":8},"end":{"line":34,"column":32}},"18":{"start":{"line":36,"column":8},"end":{"line":38,"column":11}},"19":{"start":{"line":37,"column":12},"end":{"line":37,"column":28}},"20":{"start":{"line":40,"column":8},"end":{"line":43,"column":11}},"21":{"start":{"line":41,"column":12},"end":{"line":41,"column":41}},"22":{"start":{"line":42,"column":12},"end":{"line":42,"column":42}},"23":{"start":{"line":46,"column":4},"end":{"line":48,"column":7}},"24":{"start":{"line":50,"column":4},"end":{"line":50,"column":14}},"25":{"start":{"line":53,"column":0},"end":{"line":53,"column":24}}},"branchMap":{}},"C:\\Users\\Louis\\Documents\\GitHub\\Einopdracht-webs5\\eindopdracht\\routes\\races.js":{"path":"C:\\Users\\Louis\\Documents\\GitHub\\Einopdracht-webs5\\eindopdracht\\routes\\races.js","s":{"1":1,"2":1,"3":1,"4":1,"5":1,"6":0,"7":0,"8":0,"9":1,"10":0,"11":0,"12":0,"13":0,"14":0,"15":0,"16":0,"17":0,"18":0,"19":0,"20":0,"21":0,"22":0,"23":0,"24":1,"25":0,"26":0,"27":0,"28":0,"29":0,"30":0,"31":0,"32":0,"33":0,"34":0,"35":0,"36":0,"37":0,"38":0,"39":0,"40":0,"41":0,"42":0,"43":0,"44":0,"45":0,"46":0,"47":0,"48":0,"49":0,"50":0,"51":0,"52":1,"53":0,"54":0,"55":0,"56":0,"57":0,"58":0,"59":0,"60":0,"61":0,"62":0,"63":0,"64":0,"65":0,"66":0,"67":0,"68":0,"69":1,"70":0,"71":0,"72":0,"73":0,"74":0,"75":0,"76":0,"77":0,"78":0,"79":0,"80":0,"81":0,"82":0,"83":0,"84":0,"85":0,"86":0,"87":0,"88":0,"89":0,"90":0,"91":0,"92":0,"93":0,"94":1,"95":0,"96":0,"97":0,"98":0,"99":0,"100":0,"101":0,"102":0,"103":1,"104":0,"105":0,"106":0,"107":0,"108":0,"109":1},"b":{"1":[0,0],"2":[0,0],"3":[0,0],"4":[0,0],"5":[0,0],"6":[0,0],"7":[0,0],"8":[0,0],"9":[0,0],"10":[0,0],"11":[0,0],"12":[0,0],"13":[0,0],"14":[0,0],"15":[0,0],"16":[0,0],"17":[0,0],"18":[0,0],"19":[0,0],"20":[0,0],"21":[0,0],"22":[0,0]},"f":{"1":1,"2":0,"3":0,"4":0,"5":0,"6":0,"7":0,"8":0,"9":0,"10":0,"11":0,"12":0,"13":0,"14":0,"15":0,"16":0,"17":0,"18":0,"19":0,"20":0,"21":0,"22":0,"23":0,"24":0},"fnMap":{"1":{"name":"(anonymous_1)","line":4,"loc":{"start":{"line":4,"column":17},"end":{"line":4,"column":35}}},"2":{"name":"(anonymous_2)","line":7,"loc":{"start":{"line":7,"column":15},"end":{"line":8,"column":1}}},"3":{"name":"(anonymous_3)","line":17,"loc":{"start":{"line":17,"column":7},"end":{"line":17,"column":26}}},"4":{"name":"(anonymous_4)","line":18,"loc":{"start":{"line":18,"column":48},"end":{"line":18,"column":70}}},"5":{"name":"(anonymous_5)","line":29,"loc":{"start":{"line":29,"column":17},"end":{"line":29,"column":36}}},"6":{"name":"(anonymous_6)","line":44,"loc":{"start":{"line":44,"column":14},"end":{"line":44,"column":28}}},"7":{"name":"(anonymous_7)","line":56,"loc":{"start":{"line":56,"column":19},"end":{"line":56,"column":38}}},"8":{"name":"(anonymous_8)","line":57,"loc":{"start":{"line":57,"column":42},"end":{"line":57,"column":56}}},"9":{"name":"(anonymous_9)","line":68,"loc":{"start":{"line":68,"column":7},"end":{"line":69,"column":2}}},"10":{"name":"(anonymous_10)","line":70,"loc":{"start":{"line":70,"column":65},"end":{"line":70,"column":86}}},"11":{"name":"(anonymous_11)","line":81,"loc":{"start":{"line":81,"column":16},"end":{"line":82,"column":2}}},"12":{"name":"(anonymous_12)","line":83,"loc":{"start":{"line":83,"column":32},"end":{"line":83,"column":52}}},"13":{"name":"(anonymous_13)","line":110,"loc":{"start":{"line":110,"column":18},"end":{"line":110,"column":32}}},"14":{"name":"(anonymous_14)","line":184,"loc":{"start":{"line":184,"column":8},"end":{"line":184,"column":26}}},"15":{"name":"(anonymous_15)","line":191,"loc":{"start":{"line":191,"column":25},"end":{"line":191,"column":45}}},"16":{"name":"(anonymous_16)","line":208,"loc":{"start":{"line":208,"column":23},"end":{"line":208,"column":37}}},"17":{"name":"(anonymous_17)","line":226,"loc":{"start":{"line":226,"column":10},"end":{"line":226,"column":29}}},"18":{"name":"(anonymous_18)","line":230,"loc":{"start":{"line":230,"column":25},"end":{"line":230,"column":45}}},"19":{"name":"(anonymous_19)","line":245,"loc":{"start":{"line":245,"column":18},"end":{"line":245,"column":32}}},"20":{"name":"(anonymous_20)","line":258,"loc":{"start":{"line":258,"column":8},"end":{"line":258,"column":26}}},"21":{"name":"(anonymous_21)","line":263,"loc":{"start":{"line":263,"column":25},"end":{"line":263,"column":45}}},"22":{"name":"(anonymous_22)","line":271,"loc":{"start":{"line":271,"column":18},"end":{"line":271,"column":32}}},"23":{"name":"checkUserAlreadyOnWayPoint","line":284,"loc":{"start":{"line":284,"column":2},"end":{"line":285,"column":2}}},"24":{"name":"syncUsersByWaypoint","line":305,"loc":{"start":{"line":305,"column":2},"end":{"line":306,"column":2}}}},"statementMap":{"1":{"start":{"line":1,"column":0},"end":{"line":1,"column":33}},"2":{"start":{"line":2,"column":0},"end":{"line":2,"column":30}},"3":{"start":{"line":4,"column":0},"end":{"line":318,"column":2}},"4":{"start":{"line":6,"column":1},"end":{"line":6,"column":36}},"5":{"start":{"line":7,"column":1},"end":{"line":15,"column":2}},"6":{"start":{"line":9,"column":2},"end":{"line":12,"column":3}},"7":{"start":{"line":11,"column":3},"end":{"line":11,"column":17}},"8":{"start":{"line":14,"column":2},"end":{"line":14,"column":42}},"9":{"start":{"line":16,"column":1},"end":{"line":54,"column":8}},"10":{"start":{"line":18,"column":3},"end":{"line":27,"column":6}},"11":{"start":{"line":19,"column":4},"end":{"line":26,"column":8}},"12":{"start":{"line":21,"column":5},"end":{"line":21,"column":19}},"13":{"start":{"line":25,"column":8},"end":{"line":25,"column":24}},"14":{"start":{"line":31,"column":3},"end":{"line":31,"column":34}},"15":{"start":{"line":34,"column":3},"end":{"line":42,"column":4}},"16":{"start":{"line":36,"column":4},"end":{"line":36,"column":45}},"17":{"start":{"line":37,"column":4},"end":{"line":41,"column":5}},"18":{"start":{"line":39,"column":5},"end":{"line":39,"column":32}},"19":{"start":{"line":40,"column":5},"end":{"line":40,"column":116}},"20":{"start":{"line":44,"column":3},"end":{"line":53,"column":9}},"21":{"start":{"line":45,"column":7},"end":{"line":52,"column":8}},"22":{"start":{"line":47,"column":8},"end":{"line":47,"column":22}},"23":{"start":{"line":51,"column":8},"end":{"line":51,"column":24}},"24":{"start":{"line":55,"column":1},"end":{"line":122,"column":5}},"25":{"start":{"line":57,"column":4},"end":{"line":66,"column":7}},"26":{"start":{"line":58,"column":6},"end":{"line":65,"column":7}},"27":{"start":{"line":60,"column":7},"end":{"line":60,"column":21}},"28":{"start":{"line":64,"column":7},"end":{"line":64,"column":22}},"29":{"start":{"line":70,"column":3},"end":{"line":79,"column":10}},"30":{"start":{"line":71,"column":4},"end":{"line":78,"column":8}},"31":{"start":{"line":73,"column":5},"end":{"line":73,"column":19}},"32":{"start":{"line":77,"column":8},"end":{"line":77,"column":23}},"33":{"start":{"line":83,"column":3},"end":{"line":121,"column":6}},"34":{"start":{"line":84,"column":7},"end":{"line":120,"column":8}},"35":{"start":{"line":86,"column":8},"end":{"line":86,"column":22}},"36":{"start":{"line":90,"column":8},"end":{"line":90,"column":39}},"37":{"start":{"line":91,"column":8},"end":{"line":91,"column":31}},"38":{"start":{"line":92,"column":8},"end":{"line":92,"column":45}},"39":{"start":{"line":93,"column":8},"end":{"line":93,"column":43}},"40":{"start":{"line":94,"column":8},"end":{"line":94,"column":35}},"41":{"start":{"line":97,"column":7},"end":{"line":97,"column":48}},"42":{"start":{"line":99,"column":7},"end":{"line":99,"column":29}},"43":{"start":{"line":101,"column":5},"end":{"line":107,"column":6}},"44":{"start":{"line":103,"column":6},"end":{"line":103,"column":33}},"45":{"start":{"line":105,"column":6},"end":{"line":105,"column":69}},"46":{"start":{"line":106,"column":6},"end":{"line":106,"column":129}},"47":{"start":{"line":109,"column":5},"end":{"line":109,"column":35}},"48":{"start":{"line":110,"column":8},"end":{"line":119,"column":11}},"49":{"start":{"line":111,"column":8},"end":{"line":118,"column":9}},"50":{"start":{"line":113,"column":9},"end":{"line":113,"column":23}},"51":{"start":{"line":117,"column":9},"end":{"line":117,"column":24}},"52":{"start":{"line":183,"column":2},"end":{"line":223,"column":5}},"53":{"start":{"line":187,"column":3},"end":{"line":187,"column":34}},"54":{"start":{"line":188,"column":3},"end":{"line":188,"column":34}},"55":{"start":{"line":189,"column":3},"end":{"line":189,"column":42}},"56":{"start":{"line":191,"column":3},"end":{"line":222,"column":6}},"57":{"start":{"line":193,"column":3},"end":{"line":193,"column":75}},"58":{"start":{"line":194,"column":7},"end":{"line":221,"column":8}},"59":{"start":{"line":196,"column":5},"end":{"line":196,"column":21}},"60":{"start":{"line":201,"column":8},"end":{"line":220,"column":9}},"61":{"start":{"line":202,"column":12},"end":{"line":202,"column":45}},"62":{"start":{"line":204,"column":12},"end":{"line":219,"column":13}},"63":{"start":{"line":207,"column":13},"end":{"line":207,"column":41}},"64":{"start":{"line":208,"column":13},"end":{"line":217,"column":13}},"65":{"start":{"line":209,"column":11},"end":{"line":216,"column":12}},"66":{"start":{"line":211,"column":12},"end":{"line":211,"column":40}},"67":{"start":{"line":215,"column":12},"end":{"line":215,"column":27}},"68":{"start":{"line":218,"column":16},"end":{"line":218,"column":22}},"69":{"start":{"line":225,"column":2},"end":{"line":283,"column":5}},"70":{"start":{"line":228,"column":3},"end":{"line":228,"column":34}},"71":{"start":{"line":229,"column":3},"end":{"line":229,"column":34}},"72":{"start":{"line":230,"column":3},"end":{"line":256,"column":6}},"73":{"start":{"line":231,"column":7},"end":{"line":255,"column":5}},"74":{"start":{"line":233,"column":5},"end":{"line":233,"column":19}},"75":{"start":{"line":237,"column":6},"end":{"line":244,"column":9}},"76":{"start":{"line":238,"column":12},"end":{"line":238,"column":37}},"77":{"start":{"line":239,"column":12},"end":{"line":243,"column":13}},"78":{"start":{"line":241,"column":16},"end":{"line":241,"column":39}},"79":{"start":{"line":242,"column":16},"end":{"line":242,"column":22}},"80":{"start":{"line":245,"column":8},"end":{"line":254,"column":11}},"81":{"start":{"line":246,"column":9},"end":{"line":253,"column":10}},"82":{"start":{"line":248,"column":10},"end":{"line":248,"column":26}},"83":{"start":{"line":252,"column":10},"end":{"line":252,"column":25}},"84":{"start":{"line":260,"column":3},"end":{"line":260,"column":34}},"85":{"start":{"line":261,"column":3},"end":{"line":261,"column":34}},"86":{"start":{"line":263,"column":3},"end":{"line":282,"column":6}},"87":{"start":{"line":264,"column":7},"end":{"line":281,"column":8}},"88":{"start":{"line":266,"column":5},"end":{"line":266,"column":19}},"89":{"start":{"line":270,"column":8},"end":{"line":270,"column":32}},"90":{"start":{"line":271,"column":8},"end":{"line":280,"column":11}},"91":{"start":{"line":272,"column":9},"end":{"line":279,"column":10}},"92":{"start":{"line":274,"column":10},"end":{"line":274,"column":24}},"93":{"start":{"line":278,"column":10},"end":{"line":278,"column":25}},"94":{"start":{"line":284,"column":2},"end":{"line":304,"column":3}},"95":{"start":{"line":287,"column":3},"end":{"line":302,"column":7}},"96":{"start":{"line":288,"column":10},"end":{"line":288,"column":43}},"97":{"start":{"line":289,"column":10},"end":{"line":301,"column":9}},"98":{"start":{"line":292,"column":11},"end":{"line":300,"column":13}},"99":{"start":{"line":294,"column":13},"end":{"line":294,"column":46}},"100":{"start":{"line":296,"column":13},"end":{"line":299,"column":14}},"101":{"start":{"line":298,"column":14},"end":{"line":298,"column":26}},"102":{"start":{"line":303,"column":6},"end":{"line":303,"column":19}},"103":{"start":{"line":305,"column":2},"end":{"line":316,"column":3}},"104":{"start":{"line":307,"column":3},"end":{"line":314,"column":4}},"105":{"start":{"line":309,"column":4},"end":{"line":309,"column":34}},"106":{"start":{"line":310,"column":4},"end":{"line":313,"column":5}},"107":{"start":{"line":312,"column":5},"end":{"line":312,"column":27}},"108":{"start":{"line":315,"column":3},"end":{"line":315,"column":13}},"109":{"start":{"line":317,"column":1},"end":{"line":317,"column":15}}},"branchMap":{"1":{"line":9,"type":"if","locations":[{"start":{"line":9,"column":2},"end":{"line":9,"column":2}},{"start":{"line":9,"column":2},"end":{"line":9,"column":2}}]},"2":{"line":9,"type":"binary-expr","locations":[{"start":{"line":9,"column":5},"end":{"line":9,"column":26}},{"start":{"line":9,"column":30},"end":{"line":9,"column":44}}]},"3":{"line":19,"type":"if","locations":[{"start":{"line":19,"column":4},"end":{"line":19,"column":4}},{"start":{"line":19,"column":4},"end":{"line":19,"column":4}}]},"4":{"line":34,"type":"if","locations":[{"start":{"line":34,"column":3},"end":{"line":34,"column":3}},{"start":{"line":34,"column":3},"end":{"line":34,"column":3}}]},"5":{"line":45,"type":"if","locations":[{"start":{"line":45,"column":7},"end":{"line":45,"column":7}},{"start":{"line":45,"column":7},"end":{"line":45,"column":7}}]},"6":{"line":58,"type":"if","locations":[{"start":{"line":58,"column":6},"end":{"line":58,"column":6}},{"start":{"line":58,"column":6},"end":{"line":58,"column":6}}]},"7":{"line":71,"type":"if","locations":[{"start":{"line":71,"column":4},"end":{"line":71,"column":4}},{"start":{"line":71,"column":4},"end":{"line":71,"column":4}}]},"8":{"line":84,"type":"if","locations":[{"start":{"line":84,"column":7},"end":{"line":84,"column":7}},{"start":{"line":84,"column":7},"end":{"line":84,"column":7}}]},"9":{"line":111,"type":"if","locations":[{"start":{"line":111,"column":8},"end":{"line":111,"column":8}},{"start":{"line":111,"column":8},"end":{"line":111,"column":8}}]},"10":{"line":194,"type":"if","locations":[{"start":{"line":194,"column":7},"end":{"line":194,"column":7}},{"start":{"line":194,"column":7},"end":{"line":194,"column":7}}]},"11":{"line":194,"type":"binary-expr","locations":[{"start":{"line":194,"column":11},"end":{"line":194,"column":14}},{"start":{"line":194,"column":18},"end":{"line":194,"column":30}}]},"12":{"line":204,"type":"if","locations":[{"start":{"line":204,"column":12},"end":{"line":204,"column":12}},{"start":{"line":204,"column":12},"end":{"line":204,"column":12}}]},"13":{"line":209,"type":"if","locations":[{"start":{"line":209,"column":11},"end":{"line":209,"column":11}},{"start":{"line":209,"column":11},"end":{"line":209,"column":11}}]},"14":{"line":231,"type":"if","locations":[{"start":{"line":231,"column":7},"end":{"line":231,"column":7}},{"start":{"line":231,"column":7},"end":{"line":231,"column":7}}]},"15":{"line":239,"type":"if","locations":[{"start":{"line":239,"column":12},"end":{"line":239,"column":12}},{"start":{"line":239,"column":12},"end":{"line":239,"column":12}}]},"16":{"line":246,"type":"if","locations":[{"start":{"line":246,"column":9},"end":{"line":246,"column":9}},{"start":{"line":246,"column":9},"end":{"line":246,"column":9}}]},"17":{"line":264,"type":"if","locations":[{"start":{"line":264,"column":7},"end":{"line":264,"column":7}},{"start":{"line":264,"column":7},"end":{"line":264,"column":7}}]},"18":{"line":272,"type":"if","locations":[{"start":{"line":272,"column":9},"end":{"line":272,"column":9}},{"start":{"line":272,"column":9},"end":{"line":272,"column":9}}]},"19":{"line":289,"type":"if","locations":[{"start":{"line":289,"column":10},"end":{"line":289,"column":10}},{"start":{"line":289,"column":10},"end":{"line":289,"column":10}}]},"20":{"line":296,"type":"if","locations":[{"start":{"line":296,"column":13},"end":{"line":296,"column":13}},{"start":{"line":296,"column":13},"end":{"line":296,"column":13}}]},"21":{"line":310,"type":"if","locations":[{"start":{"line":310,"column":4},"end":{"line":310,"column":4}},{"start":{"line":310,"column":4},"end":{"line":310,"column":4}}]},"22":{"line":310,"type":"binary-expr","locations":[{"start":{"line":310,"column":7},"end":{"line":310,"column":33}},{"start":{"line":310,"column":37},"end":{"line":310,"column":55}}]}}}}