TN:
SF:C:\Users\Louis\Documents\GitHub\Einopdracht-webs5\eindopdracht\app.js
FN:92,(anonymous_1)
FN:103,(anonymous_2)
FN:114,(anonymous_3)
FNF:3
FNH:0
FNDA:0,(anonymous_1)
FNDA:0,(anonymous_2)
FNDA:0,(anonymous_3)
DA:1,1
DA:2,1
DA:3,1
DA:4,1
DA:5,1
DA:6,1
DA:8,1
DA:10,1
DA:12,1
DA:14,1
DA:16,1
DA:17,1
DA:18,1
DA:19,1
DA:20,1
DA:21,0
DA:23,1
DA:25,1
DA:26,1
DA:30,1
DA:32,1
DA:33,1
DA:34,1
DA:36,1
DA:38,1
DA:40,1
DA:44,1
DA:45,1
DA:50,1
DA:51,1
DA:52,1
DA:53,1
DA:54,1
DA:55,1
DA:60,1
DA:61,1
DA:62,1
DA:63,1
DA:64,1
DA:65,1
DA:92,1
DA:93,0
DA:94,0
DA:95,0
DA:102,1
DA:103,0
DA:104,0
DA:105,0
DA:114,1
DA:115,0
DA:116,0
DA:123,1
LF:52
LH:43
BRDA:17,1,0,1
BRDA:17,1,1,0
BRDA:102,2,0,0
BRDA:102,2,1,1
BRDA:104,3,0,0
BRDA:104,3,1,0
BRDA:115,4,0,0
BRDA:115,4,1,0
BRF:8
BRH:2
end_of_record
TN:
SF:C:\Users\Louis\Documents\GitHub\Einopdracht-webs5\eindopdracht\dataAccess\database.js
FNF:0
FNH:0
DA:1,1
LF:1
LH:1
BRF:0
BRH:0
end_of_record
TN:
SF:C:\Users\Louis\Documents\GitHub\Einopdracht-webs5\eindopdracht\models\user.js
FN:3,(anonymous_1)
FN:22,(anonymous_2)
FN:26,(anonymous_3)
FN:30,(anonymous_4)
FN:39,(anonymous_5)
FN:41,(anonymous_6)
FNF:6
FNH:1
FNDA:1,(anonymous_1)
FNDA:0,(anonymous_2)
FNDA:0,(anonymous_3)
FNDA:0,(anonymous_4)
FNDA:0,(anonymous_5)
FNDA:0,(anonymous_6)
DA:1,1
DA:3,1
DA:4,1
DA:6,1
DA:22,1
DA:23,0
DA:26,1
DA:27,0
DA:30,1
DA:31,0
DA:32,0
DA:33,0
DA:35,0
DA:36,0
DA:39,1
DA:40,0
DA:41,0
DA:42,0
DA:43,0
DA:44,0
DA:48,1
DA:51,1
LF:22
LH:10
BRDA:32,1,0,0
BRDA:32,1,1,0
BRDA:32,2,0,0
BRDA:32,2,1,0
BRDA:42,3,0,0
BRDA:42,3,1,0
BRF:6
BRH:0
end_of_record
TN:
SF:C:\Users\Louis\Documents\GitHub\Einopdracht-webs5\eindopdracht\models\race.js
FN:1,(anonymous_1)
FN:19,(anonymous_2)
FNF:2
FNH:1
FNDA:1,(anonymous_1)
FNDA:0,(anonymous_2)
DA:1,1
DA:2,1
DA:4,1
DA:19,1
DA:20,0
DA:23,1
DA:25,1
LF:7
LH:6
BRF:0
BRH:0
end_of_record
TN:
SF:C:\Users\Louis\Documents\GitHub\Einopdracht-webs5\eindopdracht\websocket\websocket.js
FN:12,(anonymous_1)
FN:15,(anonymous_2)
FN:27,(anonymous_3)
FN:38,(anonymous_4)
FN:52,(anonymous_5)
FNF:5
FNH:0
FNDA:0,(anonymous_1)
FNDA:0,(anonymous_2)
FNDA:0,(anonymous_3)
FNDA:0,(anonymous_4)
FNDA:0,(anonymous_5)
DA:2,1
DA:5,1
DA:6,1
DA:8,1
DA:12,1
DA:15,1
DA:16,0
DA:21,1
DA:27,1
DA:28,0
DA:32,0
DA:35,0
DA:36,0
DA:38,0
DA:39,0
DA:40,0
DA:46,0
DA:47,0
DA:48,0
DA:52,0
DA:54,0
LF:21
LH:8
BRF:0
BRH:0
end_of_record
TN:
SF:C:\Users\Louis\Documents\GitHub\Einopdracht-webs5\eindopdracht\config\passport.js
FN:5,(anonymous_1)
FN:13,(anonymous_2)
FN:18,(anonymous_3)
FN:19,(anonymous_4)
FN:35,(anonymous_5)
FN:38,(anonymous_6)
FN:42,(anonymous_7)
FN:61,(anonymous_8)
FN:73,(anonymous_9)
FN:76,(anonymous_10)
FNF:10
FNH:1
FNDA:1,(anonymous_1)
FNDA:0,(anonymous_2)
FNDA:0,(anonymous_3)
FNDA:0,(anonymous_4)
FNDA:0,(anonymous_5)
FNDA:0,(anonymous_6)
FNDA:0,(anonymous_7)
FNDA:0,(anonymous_8)
FNDA:0,(anonymous_9)
FNDA:0,(anonymous_10)
DA:1,1
DA:2,1
DA:5,1
DA:13,1
DA:14,0
DA:18,1
DA:19,0
DA:20,0
DA:29,1
DA:35,1
DA:38,0
DA:42,0
DA:44,0
DA:45,0
DA:49,0
DA:50,0
DA:55,0
DA:58,0
DA:59,0
DA:61,0
DA:62,0
DA:64,0
DA:66,0
DA:73,1
DA:76,0
DA:78,0
DA:79,0
DA:81,0
DA:82,0
DA:85,0
DA:86,0
DA:88,0
DA:93,1
DA:96,1
LF:34
LH:10
BRDA:44,1,0,0
BRDA:44,1,1,0
BRDA:49,2,0,0
BRDA:49,2,1,0
BRDA:62,3,0,0
BRDA:62,3,1,0
BRDA:78,4,0,0
BRDA:78,4,1,0
BRDA:81,5,0,0
BRDA:81,5,1,0
BRDA:85,6,0,0
BRDA:85,6,1,0
BRF:12
BRH:0
end_of_record
TN:
SF:C:\Users\Louis\Documents\GitHub\Einopdracht-webs5\eindopdracht\routes\index.js
FN:8,(anonymous_1)
FN:14,(anonymous_2)
FN:22,(anonymous_3)
FN:26,(anonymous_4)
FN:29,(anonymous_5)
FN:43,(anonymous_6)
FN:45,(anonymous_7)
FN:58,(anonymous_8)
FN:59,(anonymous_9)
FN:75,(anonymous_10)
FN:76,(anonymous_11)
FN:92,(anonymous_12)
FN:93,(anonymous_13)
FN:116,(anonymous_14)
FN:117,(anonymous_15)
FNF:15
FNH:0
FNDA:0,(anonymous_1)
FNDA:0,(anonymous_2)
FNDA:0,(anonymous_3)
FNDA:0,(anonymous_4)
FNDA:0,(anonymous_5)
FNDA:0,(anonymous_6)
FNDA:0,(anonymous_7)
FNDA:0,(anonymous_8)
FNDA:0,(anonymous_9)
FNDA:0,(anonymous_10)
FNDA:0,(anonymous_11)
FNDA:0,(anonymous_12)
FNDA:0,(anonymous_13)
FNDA:0,(anonymous_14)
FNDA:0,(anonymous_15)
DA:1,1
DA:2,1
DA:3,1
DA:4,1
DA:6,1
DA:8,1
DA:10,0
DA:11,0
DA:12,0
DA:14,1
DA:16,0
DA:17,0
DA:18,0
DA:22,1
DA:23,0
DA:26,1
DA:28,0
DA:29,0
DA:31,0
DA:33,0
DA:37,0
DA:38,0
DA:43,1
DA:44,0
DA:45,0
DA:46,0
DA:48,0
DA:52,0
DA:53,0
DA:58,1
DA:59,0
DA:60,0
DA:62,0
DA:66,0
DA:67,0
DA:68,0
DA:75,1
DA:76,0
DA:77,0
DA:79,0
DA:83,0
DA:84,0
DA:85,0
DA:92,1
DA:93,0
DA:94,0
DA:96,0
DA:100,0
DA:101,0
DA:102,0
DA:116,1
DA:117,0
DA:118,0
DA:120,0
DA:124,0
DA:125,0
DA:126,0
DA:135,1
LF:58
LH:15
BRDA:10,1,0,0
BRDA:10,1,1,0
BRDA:16,2,0,0
BRDA:16,2,1,0
BRDA:16,3,0,0
BRDA:16,3,1,0
BRDA:31,4,0,0
BRDA:31,4,1,0
BRDA:46,5,0,0
BRDA:46,5,1,0
BRDA:60,6,0,0
BRDA:60,6,1,0
BRDA:77,7,0,0
BRDA:77,7,1,0
BRDA:94,8,0,0
BRDA:94,8,1,0
BRDA:118,9,0,0
BRDA:118,9,1,0
BRF:18
BRH:0
end_of_record
TN:
SF:C:\Users\Louis\Documents\GitHub\Einopdracht-webs5\eindopdracht\routes\users.js
FN:7,(anonymous_1)
FN:9,(anonymous_2)
FN:12,(anonymous_3)
FN:24,(anonymous_4)
FN:29,(anonymous_5)
FN:34,(anonymous_6)
FNF:6
FNH:1
FNDA:1,(anonymous_1)
FNDA:0,(anonymous_2)
FNDA:0,(anonymous_3)
FNDA:0,(anonymous_4)
FNDA:0,(anonymous_5)
FNDA:0,(anonymous_6)
DA:1,1
DA:2,1
DA:7,1
DA:8,1
DA:11,0
DA:12,0
DA:13,0
DA:15,0
DA:19,0
DA:24,1
DA:25,0
DA:26,0
DA:28,1
DA:30,0
DA:31,0
DA:34,1
DA:35,0
DA:36,0
DA:37,0
DA:39,1
LF:20
LH:8
BRDA:13,1,0,0
BRDA:13,1,1,0
BRF:2
BRH:0
end_of_record
TN:
SF:C:\Users\Louis\Documents\GitHub\Einopdracht-webs5\eindopdracht\routes\maps.js
FN:5,(anonymous_1)
FN:9,(anonymous_2)
FN:21,(anonymous_3)
FN:28,getJSON
FN:30,(anonymous_5)
FN:36,(anonymous_6)
FN:40,(anonymous_7)
FN:46,(anonymous_8)
FNF:8
FNH:0
FNDA:0,(anonymous_1)
FNDA:0,(anonymous_2)
FNDA:0,(anonymous_3)
FNDA:0,getJSON
FNDA:0,(anonymous_5)
FNDA:0,(anonymous_6)
FNDA:0,(anonymous_7)
FNDA:0,(anonymous_8)
DA:1,1
DA:2,1
DA:3,1
DA:5,1
DA:6,0
DA:9,1
DA:11,0
DA:12,0
DA:14,0
DA:20,0
DA:23,0
DA:24,0
DA:28,1
DA:30,0
DA:32,0
DA:33,0
DA:34,0
DA:36,0
DA:37,0
DA:40,0
DA:41,0
DA:42,0
DA:46,0
DA:50,0
DA:53,1
LF:25
LH:7
BRF:0
BRH:0
end_of_record
TN:
SF:C:\Users\Louis\Documents\GitHub\Einopdracht-webs5\eindopdracht\routes\races.js
FN:4,(anonymous_1)
FN:7,(anonymous_2)
FN:17,(anonymous_3)
FN:18,(anonymous_4)
FN:29,(anonymous_5)
FN:44,(anonymous_6)
FN:56,(anonymous_7)
FN:57,(anonymous_8)
FN:68,(anonymous_9)
FN:70,(anonymous_10)
FN:81,(anonymous_11)
FN:83,(anonymous_12)
FN:110,(anonymous_13)
FN:184,(anonymous_14)
FN:191,(anonymous_15)
FN:208,(anonymous_16)
FN:226,(anonymous_17)
FN:230,(anonymous_18)
FN:245,(anonymous_19)
FN:258,(anonymous_20)
FN:263,(anonymous_21)
FN:271,(anonymous_22)
FN:284,checkUserAlreadyOnWayPoint
FN:305,syncUsersByWaypoint
FNF:24
FNH:1
FNDA:1,(anonymous_1)
FNDA:0,(anonymous_2)
FNDA:0,(anonymous_3)
FNDA:0,(anonymous_4)
FNDA:0,(anonymous_5)
FNDA:0,(anonymous_6)
FNDA:0,(anonymous_7)
FNDA:0,(anonymous_8)
FNDA:0,(anonymous_9)
FNDA:0,(anonymous_10)
FNDA:0,(anonymous_11)
FNDA:0,(anonymous_12)
FNDA:0,(anonymous_13)
FNDA:0,(anonymous_14)
FNDA:0,(anonymous_15)
FNDA:0,(anonymous_16)
FNDA:0,(anonymous_17)
FNDA:0,(anonymous_18)
FNDA:0,(anonymous_19)
FNDA:0,(anonymous_20)
FNDA:0,(anonymous_21)
FNDA:0,(anonymous_22)
FNDA:0,checkUserAlreadyOnWayPoint
FNDA:0,syncUsersByWaypoint
DA:1,1
DA:2,1
DA:4,1
DA:6,1
DA:7,1
DA:9,0
DA:11,0
DA:14,0
DA:16,1
DA:18,0
DA:19,0
DA:21,0
DA:25,0
DA:31,0
DA:34,0
DA:36,0
DA:37,0
DA:39,0
DA:40,0
DA:44,0
DA:45,0
DA:47,0
DA:51,0
DA:55,1
DA:57,0
DA:58,0
DA:60,0
DA:64,0
DA:70,0
DA:71,0
DA:73,0
DA:77,0
DA:83,0
DA:84,0
DA:86,0
DA:90,0
DA:91,0
DA:92,0
DA:93,0
DA:94,0
DA:97,0
DA:99,0
DA:101,0
DA:103,0
DA:105,0
DA:106,0
DA:109,0
DA:110,0
DA:111,0
DA:113,0
DA:117,0
DA:183,1
DA:187,0
DA:188,0
DA:189,0
DA:191,0
DA:193,0
DA:194,0
DA:196,0
DA:201,0
DA:202,0
DA:204,0
DA:207,0
DA:208,0
DA:209,0
DA:211,0
DA:215,0
DA:218,0
DA:225,1
DA:228,0
DA:229,0
DA:230,0
DA:231,0
DA:233,0
DA:237,0
DA:238,0
DA:239,0
DA:241,0
DA:242,0
DA:245,0
DA:246,0
DA:248,0
DA:252,0
DA:260,0
DA:261,0
DA:263,0
DA:264,0
DA:266,0
DA:270,0
DA:271,0
DA:272,0
DA:274,0
DA:278,0
DA:284,1
DA:287,0
DA:288,0
DA:289,0
DA:292,0
DA:294,0
DA:296,0
DA:298,0
DA:303,0
DA:305,1
DA:307,0
DA:309,0
DA:310,0
DA:312,0
DA:315,0
DA:317,1
LF:109
LH:12
BRDA:9,1,0,0
BRDA:9,1,1,0
BRDA:9,2,0,0
BRDA:9,2,1,0
BRDA:19,3,0,0
BRDA:19,3,1,0
BRDA:34,4,0,0
BRDA:34,4,1,0
BRDA:45,5,0,0
BRDA:45,5,1,0
BRDA:58,6,0,0
BRDA:58,6,1,0
BRDA:71,7,0,0
BRDA:71,7,1,0
BRDA:84,8,0,0
BRDA:84,8,1,0
BRDA:111,9,0,0
BRDA:111,9,1,0
BRDA:194,10,0,0
BRDA:194,10,1,0
BRDA:194,11,0,0
BRDA:194,11,1,0
BRDA:204,12,0,0
BRDA:204,12,1,0
BRDA:209,13,0,0
BRDA:209,13,1,0
BRDA:231,14,0,0
BRDA:231,14,1,0
BRDA:239,15,0,0
BRDA:239,15,1,0
BRDA:246,16,0,0
BRDA:246,16,1,0
BRDA:264,17,0,0
BRDA:264,17,1,0
BRDA:272,18,0,0
BRDA:272,18,1,0
BRDA:289,19,0,0
BRDA:289,19,1,0
BRDA:296,20,0,0
BRDA:296,20,1,0
BRDA:310,21,0,0
BRDA:310,21,1,0
BRDA:310,22,0,0
BRDA:310,22,1,0
BRF:44
BRH:0
end_of_record
