{"C:\\Users\\Louis\\Documents\\GitHub\\Einopdracht-webs5\\eindopdracht\\test\\testUser.js":{"path":"C:\\Users\\Louis\\Documents\\GitHub\\Einopdracht-webs5\\eindopdracht\\test\\testUser.js","s":{"1":1,"2":1,"3":1,"4":1,"5":1,"6":1,"7":1,"8":1,"9":1,"10":0,"11":0,"12":0,"13":0,"14":0,"15":0,"16":0,"17":0,"18":0},"b":{"1":[0,0]},"f":{"1":0,"2":0,"3":0,"4":0,"5":0},"fnMap":{"1":{"name":"(anonymous_1)","line":12,"loc":{"start":{"line":12,"column":37},"end":{"line":12,"column":47}}},"2":{"name":"(anonymous_2)","line":13,"loc":{"start":{"line":13,"column":24},"end":{"line":13,"column":34}}},"3":{"name":"(anonymous_3)","line":14,"loc":{"start":{"line":14,"column":13},"end":{"line":14,"column":27}}},"4":{"name":"(anonymous_4)","line":20,"loc":{"start":{"line":20,"column":52},"end":{"line":20,"column":66}}},"5":{"name":"(anonymous_5)","line":24,"loc":{"start":{"line":24,"column":9},"end":{"line":24,"column":27}}}},"statementMap":{"1":{"start":{"line":1,"column":0},"end":{"line":1,"column":30}},"2":{"start":{"line":2,"column":0},"end":{"line":2,"column":28}},"3":{"start":{"line":3,"column":0},"end":{"line":3,"column":45}},"4":{"start":{"line":4,"column":0},"end":{"line":4,"column":35}},"5":{"start":{"line":5,"column":0},"end":{"line":5,"column":44}},"6":{"start":{"line":6,"column":0},"end":{"line":6,"column":37}},"7":{"start":{"line":7,"column":0},"end":{"line":7,"column":36}},"8":{"start":{"line":9,"column":0},"end":{"line":9,"column":26}},"9":{"start":{"line":12,"column":0},"end":{"line":30,"column":3}},"10":{"start":{"line":13,"column":1},"end":{"line":29,"column":4}},"11":{"start":{"line":14,"column":2},"end":{"line":18,"column":5}},"12":{"start":{"line":15,"column":3},"end":{"line":15,"column":24}},"13":{"start":{"line":16,"column":3},"end":{"line":16,"column":31}},"14":{"start":{"line":20,"column":2},"end":{"line":28,"column":5}},"15":{"start":{"line":21,"column":3},"end":{"line":27,"column":6}},"16":{"start":{"line":25,"column":5},"end":{"line":25,"column":34}},"17":{"start":{"line":25,"column":15},"end":{"line":25,"column":32}},"18":{"start":{"line":26,"column":5},"end":{"line":26,"column":12}}},"branchMap":{"1":{"line":25,"type":"if","locations":[{"start":{"line":25,"column":5},"end":{"line":25,"column":5}},{"start":{"line":25,"column":5},"end":{"line":25,"column":5}}]}}},"C:\\Users\\Louis\\Documents\\GitHub\\Einopdracht-webs5\\eindopdracht\\test\\testData.js":{"path":"C:\\Users\\Louis\\Documents\\GitHub\\Einopdracht-webs5\\eindopdracht\\test\\testData.js","s":{"1":1,"2":1,"3":1,"4":0,"5":0,"6":0,"7":0,"8":0,"9":0,"10":0,"11":0,"12":0,"13":1,"14":0,"15":0,"16":0,"17":0,"18":0,"19":0,"20":0,"21":0,"22":0,"23":0,"24":1,"25":0,"26":0},"b":{},"f":{"1":0,"2":0,"3":0,"4":0,"5":0,"6":0,"7":0,"8":0,"9":0,"10":0,"11":0,"12":0,"13":0,"14":0,"15":0,"16":0,"17":0,"18":0},"fnMap":{"1":{"name":"fillUsers","line":5,"loc":{"start":{"line":5,"column":0},"end":{"line":5,"column":24}}},"2":{"name":"(anonymous_2)","line":7,"loc":{"start":{"line":7,"column":17},"end":{"line":7,"column":27}}},"3":{"name":"(anonymous_3)","line":9,"loc":{"start":{"line":9,"column":3},"end":{"line":9,"column":16}}},"4":{"name":"(anonymous_4)","line":10,"loc":{"start":{"line":10,"column":3},"end":{"line":10,"column":16}}},"5":{"name":"(anonymous_5)","line":11,"loc":{"start":{"line":11,"column":3},"end":{"line":11,"column":16}}},"6":{"name":"(anonymous_6)","line":12,"loc":{"start":{"line":12,"column":3},"end":{"line":12,"column":16}}},"7":{"name":"(anonymous_7)","line":13,"loc":{"start":{"line":13,"column":3},"end":{"line":13,"column":16}}},"8":{"name":"(anonymous_8)","line":14,"loc":{"start":{"line":14,"column":5},"end":{"line":14,"column":16}}},"9":{"name":"fillRaces","line":21,"loc":{"start":{"line":21,"column":0},"end":{"line":21,"column":24}}},"10":{"name":"(anonymous_10)","line":23,"loc":{"start":{"line":23,"column":17},"end":{"line":23,"column":27}}},"11":{"name":"(anonymous_11)","line":25,"loc":{"start":{"line":25,"column":3},"end":{"line":26,"column":3}}},"12":{"name":"(anonymous_12)","line":30,"loc":{"start":{"line":30,"column":3},"end":{"line":30,"column":16}}},"13":{"name":"(anonymous_13)","line":31,"loc":{"start":{"line":31,"column":3},"end":{"line":31,"column":16}}},"14":{"name":"(anonymous_14)","line":32,"loc":{"start":{"line":32,"column":3},"end":{"line":32,"column":16}}},"15":{"name":"(anonymous_15)","line":33,"loc":{"start":{"line":33,"column":3},"end":{"line":33,"column":16}}},"16":{"name":"(anonymous_16)","line":35,"loc":{"start":{"line":35,"column":5},"end":{"line":35,"column":16}}},"17":{"name":"(anonymous_17)","line":43,"loc":{"start":{"line":43,"column":15},"end":{"line":43,"column":29}}},"18":{"name":"(anonymous_18)","line":47,"loc":{"start":{"line":47,"column":5},"end":{"line":47,"column":15}}}},"statementMap":{"1":{"start":{"line":1,"column":0},"end":{"line":1,"column":29}},"2":{"start":{"line":2,"column":0},"end":{"line":2,"column":35}},"3":{"start":{"line":5,"column":0},"end":{"line":18,"column":1}},"4":{"start":{"line":6,"column":1},"end":{"line":6,"column":35}},"5":{"start":{"line":7,"column":1},"end":{"line":17,"column":4}},"6":{"start":{"line":8,"column":2},"end":{"line":16,"column":4}},"7":{"start":{"line":9,"column":18},"end":{"line":9,"column":159}},"8":{"start":{"line":10,"column":18},"end":{"line":10,"column":168}},"9":{"start":{"line":11,"column":18},"end":{"line":11,"column":163}},"10":{"start":{"line":12,"column":18},"end":{"line":12,"column":163}},"11":{"start":{"line":13,"column":18},"end":{"line":13,"column":175}},"12":{"start":{"line":15,"column":3},"end":{"line":15,"column":10}},"13":{"start":{"line":21,"column":0},"end":{"line":40,"column":1}},"14":{"start":{"line":22,"column":1},"end":{"line":22,"column":35}},"15":{"start":{"line":23,"column":1},"end":{"line":39,"column":4}},"16":{"start":{"line":24,"column":2},"end":{"line":38,"column":4}},"17":{"start":{"line":27,"column":4},"end":{"line":27,"column":141}},"18":{"start":{"line":28,"column":4},"end":{"line":28,"column":111}},"19":{"start":{"line":30,"column":18},"end":{"line":30,"column":125}},"20":{"start":{"line":31,"column":18},"end":{"line":31,"column":127}},"21":{"start":{"line":32,"column":18},"end":{"line":32,"column":125}},"22":{"start":{"line":33,"column":18},"end":{"line":33,"column":125}},"23":{"start":{"line":37,"column":3},"end":{"line":37,"column":10}},"24":{"start":{"line":42,"column":0},"end":{"line":49,"column":1}},"25":{"start":{"line":44,"column":2},"end":{"line":47,"column":27}},"26":{"start":{"line":47,"column":17},"end":{"line":47,"column":24}}},"branchMap":{}}}